0 info it worked if it ends with ok
1 verbose cli [ 'C:\\Program Files\\nodejs\\\\node.exe',
1 verbose cli   'C:\\Program Files\\nodejs\\node_modules\\npm\\bin\\npm-cli.js',
1 verbose cli   'run-script',
1 verbose cli   'ci' ]
2 info using npm@1.4.9
3 info using node@v0.10.28
4 verbose node symlink C:\Program Files\nodejs\\node.exe
5 verbose run-script [ 'preci', 'ci', 'postci' ]
6 info preci cookiesKitchen@0.0.0-ignore
7 info ci cookiesKitchen@0.0.0-ignore
8 verbose unsafe-perm in lifecycle true
9 info cookiesKitchen@0.0.0-ignore Failed to exec ci script
10 error cookiesKitchen@0.0.0-ignore ci: `grunt && grunt coveralls`
10 error Exit status 3
11 error Failed at the cookiesKitchen@0.0.0-ignore ci script.
11 error This is most likely a problem with the cookiesKitchen package,
11 error not with npm itself.
11 error Tell the author that this fails on your system:
11 error     grunt && grunt coveralls
11 error You can get their info via:
11 error     npm owner ls cookiesKitchen
11 error There is likely additional logging output above.
12 error System Windows_NT 6.1.7601
13 error command "C:\\Program Files\\nodejs\\\\node.exe" "C:\\Program Files\\nodejs\\node_modules\\npm\\bin\\npm-cli.js" "run-script" "ci"
14 error cwd C:\Users\MettalRider\workspaceNode\Cookies-Kitchen
15 error node -v v0.10.28
16 error npm -v 1.4.9
17 error code ELIFECYCLE
18 verbose exit [ 1, true ]
